Added Component: Designator=Q1(BC547)
Add component (AddParameter): Name = "Availability"; Value = "Unavailable"; VariantName = "[No Variations]"
Add component (AddParameter): Name = "MF"; Value = "ON Semiconductor"; VariantName = "[No Variations]"
Add component (AddParameter): Name = "MP"; Value = "BC547A"; VariantName = "[No Variations]"
Add component (AddParameter): Name = "Package"; Value = "TO-92 NXP Semiconductors"; VariantName = "[No Variations]"
Add component (AddParameter): Name = "Price"; Value = "None"; VariantName = "[No Variations]"
Add component (AddParameter): Name = "SnapEDA_Link"; Value = "https://www.snapeda.com/parts/BC547A/ON%20Semiconductor/view-part/805861/?ref=snap"; VariantName = "[No Variations]"
Add component (AddParameter): Name = "Value"; Value = ""; VariantName = "[No Variations]"
Added Component: Designator=Q2(BC547)
Add component (AddParameter): Name = "Availability"; Value = "Unavailable"; VariantName = "[No Variations]"
Add component (AddParameter): Name = "MF"; Value = "ON Semiconductor"; VariantName = "[No Variations]"
Add component (AddParameter): Name = "MP"; Value = "BC547A"; VariantName = "[No Variations]"
Add component (AddParameter): Name = "Package"; Value = "TO-92 NXP Semiconductors"; VariantName = "[No Variations]"
Add component (AddParameter): Name = "Price"; Value = "None"; VariantName = "[No Variations]"
Add component (AddParameter): Name = "SnapEDA_Link"; Value = "https://www.snapeda.com/parts/BC547A/ON%20Semiconductor/view-part/805861/?ref=snap"; VariantName = "[No Variations]"
Add component (AddParameter): Name = "Value"; Value = ""; VariantName = "[No Variations]"
Add Pin To Net: Unknown Pin: Pin D1-1
Add Pin To Net: Unknown Pin: Pin D1-2
Added Pin To Net: NetName=Darlin_Base Pin=Q1-1
Added Pin To Net: NetName=Darlin_Emmi Pin=Q1-2
Added Pin To Net: NetName=Vdc Pin=Q1-3
Added Pin To Net: NetName=Darlin_Base Pin=Q2-1
Added Pin To Net: NetName=Q2_Base Pin=Q2-2
Added Pin To Net: NetName=Q2_Emmi Pin=Q2-3
